Jiba2/build/outputs/logs/manifest-merger-debug-report.txt
-- Merging decision tree log ---
manifest
ADDED from AndroidStudioProjects/Jiba2/AndroidManifest.xml:2:1-24:12
	package
		ADDED from AndroidStudioProjects/Jiba2/AndroidManifest.xml:3:5-40
	android:versionName
		ADDED from AndroidStudioProjects/Jiba2/AndroidManifest.xml:5:5-30
	android:versionCode
		ADDED from AndroidStudioProjects/Jiba2/AndroidManifest.xml:4:5-28
		INJECTED from AndroidStudioProjects/Jiba2/AndroidManifest.xml
		INJECTED from AndroidStudioProjects/Jiba2/AndroidManifest.xml
	xmlns:android
		ADDED from AndroidStudioProjects/Jiba2/AndroidManifest.xml:2:11-69
uses-sdk
ADDED from AndroidStudioProjects/Jiba2/AndroidManifest.xml:7:2-9:40
	android:targetSdkVersion
		ADDED from AndroidStudioProjects/Jiba2/AndroidManifest.xml:9:9-37
	android:minSdkVersion
		ADDED from AndroidStudioProjects/Jiba2/AndroidManifest.xml:8:9-34
application
ADDED from AndroidStudioProjects/Jiba2/AndroidManifest.xml:10:5-22:19
	android:label
		ADDED from AndroidStudioProjects/Jiba2/AndroidManifest.xml:12:9-41
	android:icon
		ADDED from AndroidStudioProjects/Jiba2/AndroidManifest.xml:11:9-38
activity#jp.ac.u_ryukyu.phys.jiba2.Jiba2Activity
ADDED from AndroidStudioProjects/Jiba2/AndroidManifest.xml:13:9-21:20
	android:screenOrientation
		ADDED from AndroidStudioProjects/Jiba2/AndroidManifest.xml:15:119-155
	android:label
		ADDED from AndroidStudioProjects/Jiba2/AndroidManifest.xml:14:13-45
	android:configChanges
		ADDED from AndroidStudioProjects/Jiba2/AndroidManifest.xml:15:68-118
	android:name
		ADDED from AndroidStudioProjects/Jiba2/AndroidManifest.xml:15:13-67
intent-filter#android.intent.action.MAIN+android.intent.category.LAUNCHER
ADDED from AndroidStudioProjects/Jiba2/AndroidManifest.xml:16:13-20:29
action#android.intent.action.MAIN
ADDED from AndroidStudioProjects/Jiba2/AndroidManifest.xml:17:17-69
	android:name
		ADDED from AndroidStudioProjects/Jiba2/AndroidManifest.xml:17:25-66
category#android.intent.category.LAUNCHER
ADDED from AndroidStudioProjects/Jiba2/AndroidManifest.xml:19:17-77
	android:name
		ADDED from AndroidStudioProjects/Jiba2/AndroidManifest.xml:19:27-74